<?xml version="1.0" encoding="UTF-8"?>
<!-- Generated by org.testng.reporters.JUnitReportReporter -->
<testsuite name="day10.testng.LearnTestNG" tests="2" time="0.016" ignored="0" failures="0" timestamp="09 Apr 2017 05:02:27 GMT" skipped="0" hostname="User-PC" errors="0">
  <testcase name="sendMail" time="0.013" classname="day10.testng.LearnTestNG"/>
  <testcase name="signIn" time="0.003" classname="day10.testng.LearnTestNG"/>
</testsuite> <!-- day10.testng.LearnTestNG -->
