<?xml version="1.0" encoding="UTF-8"?>
<!-- Generated by org.testng.reporters.JUnitReportReporter -->
<testsuite name="day10.testng.LearnTestNgWithDP" tests="2" time="55.749" ignored="0" failures="0" timestamp="09 Apr 2017 06:46:24 GMT" skipped="0" hostname="User-PC" errors="0">
  <testcase name="searchEngine" time="21.253" classname="day10.testng.LearnTestNgWithDP"/>
  <testcase name="searchEngine" time="34.496" classname="day10.testng.LearnTestNgWithDP"/>
</testsuite> <!-- day10.testng.LearnTestNgWithDP -->
